00:00:00.000459 main     VirtualBox XPCOM Server 6.1.18 r142142 freebsd.amd64 (Jun 15 2021 08:31:04) release log
00:00:00.000469 main     Log opened 2021-07-02T03:21:34.941270000Z
00:00:00.000470 main     Build Type: release
00:00:00.000482 main     OS Product: FreeBSD
00:00:00.000487 main     OS Release: 13.0-RELEASE
00:00:00.000491 main     OS Version: FreeBSD 13.0-RELEASE #0 releng/13.0-n244733-ea31abc261f: Fri Apr  9 04:24:09 UTC 2021     root@releng1.nyi.freebsd.org:/usr/obj/usr/src/amd64.amd64/sys/GENERIC
00:00:00.000495 main     Firmware type: failed - VERR_NOT_SUPPORTED
00:00:00.000518 main     Host RAM: 3843MB (3.7GB) total, 2858MB (2.7GB) available
00:00:00.000524 main     Executable: /usr/local/lib/virtualbox/VBoxSVC
00:00:00.000524 main     Process ID: 13551
00:00:00.000525 main     Package type: BSD_64BITS_GENERIC (OSE)
00:00:00.002406 main     IPC socket path: /tmp/.vbox-freebsd-ipc/ipcd
00:00:00.111667 nspr-2   VirtualBox: object creation starts
00:00:00.111770 nspr-2   Home directory: '/home/freebsd/.config/VirtualBox'
00:00:00.112162 nspr-2   Loading settings file "/home/freebsd/.config/VirtualBox/VirtualBox.xml" with version "1.12-freebsd"
00:00:01.143242 nspr-2   HostDnsMonitor: initializing
00:00:01.143335 nspr-2   NAT: resolv.conf: nameserver 192.168.0.1
00:00:01.143389 nspr-2   HostDnsMonitor: updating information
00:00:01.143405 nspr-2   HostDnsMonitor: old information
00:00:01.143408 nspr-2     no server entries
00:00:01.143411 nspr-2     no domain set
00:00:01.143413 nspr-2     no search string entries
00:00:01.143415 nspr-2   HostDnsMonitor: new information
00:00:01.143417 nspr-2     server 1: 192.168.0.1
00:00:01.143419 nspr-2     domain: home
00:00:01.143422 nspr-2     search string 1: home
00:00:01.144833 nspr-2   HostPowerServiceLinux: DBus connection Error (Failed to connect to socket /var/run/dbus/system_bus_socket: No such file or directory)
00:00:01.148125 nspr-2   VD: VDInit finished with VINF_SUCCESS
00:00:01.148240 nspr-2   ERROR [COM]: aRC=NS_ERROR_FAILURE (0x80004005) aIID={027bc463-929c-40e8-bf16-fea557cd8e7e} aComponent={SystemPropertiesWrap} aText={Cannot determine default Guest Additions ISO location. Most likely they are not available}, preserve=false aResultDetail=0
00:00:01.148656 nspr-2   Loading settings file "/home/freebsd/Documents/vbox/NetBSD/NetBSD.vbox" with version "1.15-freebsd"
00:00:01.149258 nspr-2   VirtualBox: object created
00:00:11.491954 nspr-3   Launched VM: 44053456 pid: 26704 (0x6850) frontend: GUI/Qt name: NetBSD
00:00:12.855309 nspr-5   ERROR [COM]: aRC=VBOX_E_OBJECT_NOT_FOUND (0x80bb0001) aIID={70401eef-c8e9-466b-9660-45cb3e9979e4} aComponent={ExtPackManagerWrap} aText={No extension pack by the name 'Oracle VM VirtualBox Extension Pack' was found}, preserve=false aResultDetail=0
00:00:13.033247 nspr-5   ERROR [COM]: aRC=VBOX_E_IPRT_ERROR (0x80bb0005) aIID={85632c68-b5bb-4316-a900-5eb28d3413df} aComponent={SessionMachine} aText={Saved screenshot data is not available (VERR_NOT_SUPPORTED)}, preserve=false aResultDetail=-37
00:00:31.200061 nspr-5   ERROR [COM]: aRC=VBOX_E_IPRT_ERROR (0x80bb0005) aIID={ad47ad09-787b-44ab-b343-a082a3f2dfb1} aComponent={MediumWrap} aText={Could not get the storage format of the medium '/home/freebsd/Documents/vbox/isos/NetBSD-9.2-amd64-install.img' (VERR_NOT_SUPPORTED)}, preserve=false aResultDetail=-37
00:00:35.562757 nspr-5   Saving settings file "/home/freebsd/.config/VirtualBox/VirtualBox.xml" with version "1.12-freebsd"
00:00:35.624099 nspr-6   Saving settings file "/home/freebsd/.config/VirtualBox/VirtualBox.xml" with version "1.12-freebsd"
00:06:33.618216 nspr-3   Saving settings file "/home/freebsd/.config/VirtualBox/VirtualBox.xml" with version "1.12-freebsd"
00:06:33.626275 nspr-3   Saving settings file "/home/freebsd/.config/VirtualBox/VirtualBox.xml" with version "1.12-freebsd"
00:06:36.893914 nspr-2   Saving settings file "/home/freebsd/.config/VirtualBox/VirtualBox.xml" with version "1.12-freebsd"
00:06:36.992229 nspr-2   Saving settings file "/home/freebsd/Documents/vbox/NetBSD/NetBSD.vbox" with version "1.15-freebsd"
00:14:11.861800 nspr-6   Saving settings file "/home/freebsd/Documents/vbox/NetBSD/NetBSD.vbox" with version "1.15-freebsd"
00:14:12.065083 nspr-5   Saving settings file "/home/freebsd/Documents/vbox/NetBSD/NetBSD.vbox" with version "1.15-freebsd"
00:14:12.747348 nspr-2   Saving settings file "/home/freebsd/Documents/vbox/NetBSD/NetBSD.vbox" with version "1.15-freebsd"
00:14:12.770253 nspr-6   Saving settings file "/home/freebsd/Documents/vbox/NetBSD/NetBSD.vbox" with version "1.15-freebsd"
00:14:38.230901 nspr-5   Saving settings file "/home/freebsd/Documents/vbox/NetBSD/NetBSD.vbox" with version "1.15-freebsd"
00:15:06.714488 nspr-2   Saving settings file "/home/freebsd/Documents/vbox/NetBSD/NetBSD.vbox" with version "1.15-freebsd"
00:15:09.264948 nspr-3   Launched VM: 44056336 pid: 41559 (0xa257) frontend: GUI/Qt name: NetBSD
00:15:12.026986 nspr-6   ERROR [COM]: aRC=VBOX_E_OBJECT_NOT_FOUND (0x80bb0001) aIID={70401eef-c8e9-466b-9660-45cb3e9979e4} aComponent={ExtPackManagerWrap} aText={No extension pack by the name 'Oracle VM VirtualBox Extension Pack' was found}, preserve=false aResultDetail=0
00:15:12.240044 nspr-5   ERROR [COM]: aRC=VBOX_E_IPRT_ERROR (0x80bb0005) aIID={85632c68-b5bb-4316-a900-5eb28d3413df} aComponent={SessionMachine} aText={Saved screenshot data is not available (VERR_NOT_SUPPORTED)}, preserve=false aResultDetail=-37
00:18:08.376114 nspr-4   Saving settings file "/home/freebsd/Documents/vbox/NetBSD/NetBSD.vbox" with version "1.15-freebsd"
00:18:08.470827 nspr-6   ERROR [COM]: aRC=VBOX_E_IPRT_ERROR (0x80bb0005) aIID={85632c68-b5bb-4316-a900-5eb28d3413df} aComponent={SessionMachine} aText={Saved screenshot data is not available (VERR_NOT_SUPPORTED)}, preserve=false aResultDetail=-37
00:22:09.829193 nspr-3   Saving settings file "/home/freebsd/Documents/vbox/NetBSD/NetBSD.vbox" with version "1.15-freebsd"
00:22:09.976327 nspr-4   ERROR [COM]: aRC=VBOX_E_IPRT_ERROR (0x80bb0005) aIID={85632c68-b5bb-4316-a900-5eb28d3413df} aComponent={SessionMachine} aText={Saved screenshot data is not available (VERR_NOT_SUPPORTED)}, preserve=false aResultDetail=-37
00:22:22.359324 nspr-5   Saving settings file "/home/freebsd/.config/VirtualBox/VirtualBox.xml" with version "1.12-freebsd"
00:22:22.458192 nspr-4   Saving settings file "/home/freebsd/Documents/vbox/NetBSD/NetBSD.vbox" with version "1.15-freebsd"
00:22:22.495858 nspr-5   ERROR [COM]: aRC=VBOX_E_IPRT_ERROR (0x80bb0005) aIID={85632c68-b5bb-4316-a900-5eb28d3413df} aComponent={SessionMachine} aText={Saved screenshot data is not available (VERR_NOT_SUPPORTED)}, preserve=false aResultDetail=-37
00:22:24.135422 nspr-5   ERROR [COM]: aRC=VBOX_E_IPRT_ERROR (0x80bb0005) aIID={85632c68-b5bb-4316-a900-5eb28d3413df} aComponent={SessionMachine} aText={Saved screenshot data is not available (VERR_NOT_SUPPORTED)}, preserve=false aResultDetail=-37
00:26:21.200179 nspr-4   Saving settings file "/home/freebsd/Documents/vbox/NetBSD/NetBSD.vbox" with version "1.15-freebsd"
00:26:21.846139 nspr-4   Saving settings file "/home/freebsd/Documents/vbox/NetBSD/NetBSD.vbox" with version "1.15-freebsd"
04:12:02.957326 nspr-2   Saving settings file "/home/freebsd/.config/VirtualBox/VirtualBox.xml" with version "1.12-freebsd"
04:12:07.991652 nspr-3   Saving settings file "/home/freebsd/.config/VirtualBox/VirtualBox.xml" with version "1.12-freebsd"
04:12:35.153349 createBase Saving settings file "/home/freebsd/.config/VirtualBox/VirtualBox.xml" with version "1.12-freebsd"
04:12:35.679342 nspr-7   Saving settings file "/home/freebsd/Documents/vbox/Bedrock/Bedrock.vbox" with version "1.16-freebsd"
04:12:35.822261 nspr-5   Saving settings file "/home/freebsd/Documents/vbox/Bedrock/Bedrock.vbox" with version "1.16-freebsd"
04:12:35.829707 nspr-5   Saving settings file "/home/freebsd/.config/VirtualBox/VirtualBox.xml" with version "1.12-freebsd"
04:12:35.841796 nspr-8   Saving settings file "/home/freebsd/.config/VirtualBox/VirtualBox.xml" with version "1.12-freebsd"
04:12:35.851983 nspr-2   Saving settings file "/home/freebsd/Documents/vbox/Bedrock/Bedrock.vbox" with version "1.16-freebsd"
04:12:39.079124 nspr-4   Launched VM: 44165968 pid: 96786 (0x17a12) frontend: GUI/Qt name: Bedrock
04:12:40.260966 nspr-4   ERROR [COM]: aRC=VBOX_E_OBJECT_NOT_FOUND (0x80bb0001) aIID={70401eef-c8e9-466b-9660-45cb3e9979e4} aComponent={ExtPackManagerWrap} aText={No extension pack by the name 'Oracle VM VirtualBox Extension Pack' was found}, preserve=false aResultDetail=0
04:12:40.350493 nspr-8   ERROR [COM]: aRC=VBOX_E_IPRT_ERROR (0x80bb0005) aIID={85632c68-b5bb-4316-a900-5eb28d3413df} aComponent={SessionMachine} aText={Saved screenshot data is not available (VERR_NOT_SUPPORTED)}, preserve=false aResultDetail=-37
04:12:49.619804 nspr-7   Saving settings file "/home/freebsd/.config/VirtualBox/VirtualBox.xml" with version "1.12-freebsd"
04:12:53.407419 nspr-7   Saving settings file "/home/freebsd/.config/VirtualBox/VirtualBox.xml" with version "1.12-freebsd"
04:12:53.466552 nspr-7   Saving settings file "/home/freebsd/Documents/vbox/Bedrock/Bedrock.vbox" with version "1.16-freebsd"
04:37:16.479721 nspr-4   Saving settings file "/home/freebsd/.config/VirtualBox/VirtualBox.xml" with version "1.12-freebsd"
04:40:22.621679 nspr-3   Saving settings file "/home/freebsd/Documents/vbox/Bedrock/Bedrock.vbox" with version "1.16-freebsd"
04:40:22.976160 nspr-5   Saving settings file "/home/freebsd/Documents/vbox/Bedrock/Bedrock.vbox" with version "1.16-freebsd"
04:40:23.737455 nspr-6   Saving settings file "/home/freebsd/Documents/vbox/Bedrock/Bedrock.vbox" with version "1.16-freebsd"
04:40:23.769685 nspr-4   Saving settings file "/home/freebsd/Documents/vbox/Bedrock/Bedrock.vbox" with version "1.16-freebsd"
04:42:41.799776 nspr-4   Saving settings file "/home/freebsd/.config/VirtualBox/VirtualBox.xml" with version "1.12-freebsd"
04:42:45.674405 nspr-3   Saving settings file "/home/freebsd/.config/VirtualBox/VirtualBox.xml" with version "1.12-freebsd"
04:42:45.713834 nspr-7   Saving settings file "/home/freebsd/Documents/vbox/Bedrock/Bedrock.vbox" with version "1.16-freebsd"
04:42:47.538004 nspr-8   Launched VM: 44134928 pid: 3773 (0xebd) frontend: GUI/Qt name: Bedrock
04:42:50.262343 nspr-7   ERROR [COM]: aRC=VBOX_E_OBJECT_NOT_FOUND (0x80bb0001) aIID={70401eef-c8e9-466b-9660-45cb3e9979e4} aComponent={ExtPackManagerWrap} aText={No extension pack by the name 'Oracle VM VirtualBox Extension Pack' was found}, preserve=false aResultDetail=0
04:42:50.631319 nspr-6   ERROR [COM]: aRC=VBOX_E_IPRT_ERROR (0x80bb0005) aIID={85632c68-b5bb-4316-a900-5eb28d3413df} aComponent={SessionMachine} aText={Saved screenshot data is not available (VERR_NOT_SUPPORTED)}, preserve=false aResultDetail=-37
05:26:04.231406 nspr-2   Saving settings file "/home/freebsd/Documents/vbox/Bedrock/Bedrock.vbox" with version "1.16-freebsd"
05:30:40.833665 nspr-4   Saving settings file "/home/freebsd/.config/VirtualBox/VirtualBox.xml" with version "1.12-freebsd"
06:04:05.791347 nspr-4   Saving settings file "/home/freebsd/Documents/vbox/Bedrock/Bedrock.vbox" with version "1.16-freebsd"
06:04:05.871650 nspr-3   Saving settings file "/home/freebsd/Documents/vbox/Bedrock/Bedrock.vbox" with version "1.16-freebsd"
06:04:22.747427 nspr-8   Saving settings file "/home/freebsd/Documents/vbox/Bedrock/Bedrock.vbox" with version "1.16-freebsd"
06:04:51.470684 createBase Saving settings file "/home/freebsd/.config/VirtualBox/VirtualBox.xml" with version "1.12-freebsd"
06:04:52.118247 nspr-3   Saving settings file "/home/freebsd/Documents/vbox/alpine/alpine.vbox" with version "1.16-freebsd"
06:04:52.169533 nspr-2   Saving settings file "/home/freebsd/Documents/vbox/alpine/alpine.vbox" with version "1.16-freebsd"
06:04:52.176902 nspr-2   Saving settings file "/home/freebsd/.config/VirtualBox/VirtualBox.xml" with version "1.12-freebsd"
06:04:52.191809 nspr-6   Saving settings file "/home/freebsd/.config/VirtualBox/VirtualBox.xml" with version "1.12-freebsd"
06:04:52.198922 nspr-6   Saving settings file "/home/freebsd/Documents/vbox/alpine/alpine.vbox" with version "1.16-freebsd"
06:04:54.522051 nspr-5   Launched VM: 44183456 pid: 26465 (0x6761) frontend: GUI/Qt name: alpine
06:04:58.358205 nspr-8   ERROR [COM]: aRC=VBOX_E_OBJECT_NOT_FOUND (0x80bb0001) aIID={70401eef-c8e9-466b-9660-45cb3e9979e4} aComponent={ExtPackManagerWrap} aText={No extension pack by the name 'Oracle VM VirtualBox Extension Pack' was found}, preserve=false aResultDetail=0
06:04:58.663025 nspr-4   ERROR [COM]: aRC=VBOX_E_IPRT_ERROR (0x80bb0005) aIID={85632c68-b5bb-4316-a900-5eb28d3413df} aComponent={SessionMachine} aText={Saved screenshot data is not available (VERR_NOT_SUPPORTED)}, preserve=false aResultDetail=-37
06:05:19.669642 nspr-5   Saving settings file "/home/freebsd/.config/VirtualBox/VirtualBox.xml" with version "1.12-freebsd"
06:05:21.455363 nspr-5   Saving settings file "/home/freebsd/.config/VirtualBox/VirtualBox.xml" with version "1.12-freebsd"
06:05:21.461898 nspr-5   Saving settings file "/home/freebsd/Documents/vbox/alpine/alpine.vbox" with version "1.16-freebsd"
06:09:47.415538 nspr-2   Saving settings file "/home/freebsd/Documents/vbox/alpine/alpine.vbox" with version "1.16-freebsd"
06:09:47.548988 nspr-2   Saving settings file "/home/freebsd/Documents/vbox/alpine/alpine.vbox" with version "1.16-freebsd"
06:09:48.121518 nspr-7   Saving settings file "/home/freebsd/Documents/vbox/alpine/alpine.vbox" with version "1.16-freebsd"
06:09:48.195197 nspr-3   Saving settings file "/home/freebsd/Documents/vbox/alpine/alpine.vbox" with version "1.16-freebsd"
06:10:20.262521 nspr-8   Saving settings file "/home/freebsd/Documents/vbox/alpine/alpine.vbox" with version "1.16-freebsd"
06:10:22.700040 nspr-7   Launched VM: 44055088 pid: 29134 (0x71ce) frontend: GUI/Qt name: alpine
06:10:23.988113 nspr-7   ERROR [COM]: aRC=VBOX_E_OBJECT_NOT_FOUND (0x80bb0001) aIID={70401eef-c8e9-466b-9660-45cb3e9979e4} aComponent={ExtPackManagerWrap} aText={No extension pack by the name 'Oracle VM VirtualBox Extension Pack' was found}, preserve=false aResultDetail=0
06:10:24.198728 nspr-5   ERROR [COM]: aRC=VBOX_E_IPRT_ERROR (0x80bb0005) aIID={85632c68-b5bb-4316-a900-5eb28d3413df} aComponent={SessionMachine} aText={Saved screenshot data is not available (VERR_NOT_SUPPORTED)}, preserve=false aResultDetail=-37
06:47:10.057133 nspr-6   Saving settings file "/home/freebsd/Documents/vbox/alpine/alpine.vbox" with version "1.16-freebsd"
06:47:10.758799 nspr-3   Saving settings file "/home/freebsd/Documents/vbox/alpine/alpine.vbox" with version "1.16-freebsd"
06:47:14.433360 nspr-6   Saving settings file "/home/freebsd/.config/VirtualBox/VirtualBox.xml" with version "1.12-freebsd"
07:22:15.209616 nspr-4   Launched VM: 44112304 pid: 19706 (0x4cfa) frontend: GUI/Qt name: Bedrock
07:22:17.016367 nspr-4   ERROR [COM]: aRC=VBOX_E_OBJECT_NOT_FOUND (0x80bb0001) aIID={70401eef-c8e9-466b-9660-45cb3e9979e4} aComponent={ExtPackManagerWrap} aText={No extension pack by the name 'Oracle VM VirtualBox Extension Pack' was found}, preserve=false aResultDetail=0
07:22:17.110278 nspr-6   ERROR [COM]: aRC=VBOX_E_IPRT_ERROR (0x80bb0005) aIID={85632c68-b5bb-4316-a900-5eb28d3413df} aComponent={SessionMachine} aText={Saved screenshot data is not available (VERR_NOT_SUPPORTED)}, preserve=false aResultDetail=-37
07:30:47.878526 nspr-6   Saving settings file "/home/freebsd/Documents/vbox/Bedrock/Bedrock.vbox" with version "1.16-freebsd"
07:30:55.306118 nspr-4   Saving settings file "/home/freebsd/.config/VirtualBox/VirtualBox.xml" with version "1.12-freebsd"
07:30:56.422513 nspr-7   Launched VM: 44175200 pid: 21934 (0x55ae) frontend: GUI/Qt name: NetBSD
07:30:57.644638 nspr-6   ERROR [COM]: aRC=VBOX_E_OBJECT_NOT_FOUND (0x80bb0001) aIID={70401eef-c8e9-466b-9660-45cb3e9979e4} aComponent={ExtPackManagerWrap} aText={No extension pack by the name 'Oracle VM VirtualBox Extension Pack' was found}, preserve=false aResultDetail=0
07:30:57.833345 nspr-7   ERROR [COM]: aRC=VBOX_E_IPRT_ERROR (0x80bb0005) aIID={85632c68-b5bb-4316-a900-5eb28d3413df} aComponent={SessionMachine} aText={Saved screenshot data is not available (VERR_NOT_SUPPORTED)}, preserve=false aResultDetail=-37
07:31:04.292354 nspr-7   Saving settings file "/home/freebsd/Documents/vbox/NetBSD/NetBSD.vbox" with version "1.15-freebsd"
07:31:04.904437 nspr-7   Saving settings file "/home/freebsd/Documents/vbox/NetBSD/NetBSD.vbox" with version "1.15-freebsd"
07:31:19.102513 createBase Saving settings file "/home/freebsd/.config/VirtualBox/VirtualBox.xml" with version "1.12-freebsd"
07:31:19.707711 nspr-6   Saving settings file "/home/freebsd/Documents/vbox/bedrock linux/bedrock linux.vbox" with version "1.16-freebsd"
07:31:19.717381 nspr-7   Saving settings file "/home/freebsd/Documents/vbox/bedrock linux/bedrock linux.vbox" with version "1.16-freebsd"
07:31:19.727779 nspr-7   Saving settings file "/home/freebsd/.config/VirtualBox/VirtualBox.xml" with version "1.12-freebsd"
07:31:19.736796 nspr-3   Saving settings file "/home/freebsd/.config/VirtualBox/VirtualBox.xml" with version "1.12-freebsd"
07:31:19.744225 nspr-6   Saving settings file "/home/freebsd/Documents/vbox/bedrock linux/bedrock linux.vbox" with version "1.16-freebsd"
07:31:22.111200 nspr-6   Launched VM: 44144576 pid: 22484 (0x57d4) frontend: GUI/Qt name: bedrock linux
07:31:23.305325 nspr-3   ERROR [COM]: aRC=VBOX_E_OBJECT_NOT_FOUND (0x80bb0001) aIID={70401eef-c8e9-466b-9660-45cb3e9979e4} aComponent={ExtPackManagerWrap} aText={No extension pack by the name 'Oracle VM VirtualBox Extension Pack' was found}, preserve=false aResultDetail=0
07:31:23.574967 nspr-4   ERROR [COM]: aRC=VBOX_E_IPRT_ERROR (0x80bb0005) aIID={85632c68-b5bb-4316-a900-5eb28d3413df} aComponent={SessionMachine} aText={Saved screenshot data is not available (VERR_NOT_SUPPORTED)}, preserve=false aResultDetail=-37
07:31:26.075772 nspr-5   Saving settings file "/home/freebsd/Documents/vbox/bedrock linux/bedrock linux.vbox" with version "1.16-freebsd"
07:36:05.019896 nspr-3   Saving settings file "/home/freebsd/Documents/vbox/bedrock linux/bedrock linux.vbox" with version "1.16-freebsd"
07:36:05.107472 nspr-2   Saving settings file "/home/freebsd/Documents/vbox/bedrock linux/bedrock linux.vbox" with version "1.16-freebsd"
07:36:05.730057 nspr-3   Saving settings file "/home/freebsd/Documents/vbox/bedrock linux/bedrock linux.vbox" with version "1.16-freebsd"
07:36:05.825696 nspr-2   Saving settings file "/home/freebsd/Documents/vbox/bedrock linux/bedrock linux.vbox" with version "1.16-freebsd"
07:36:14.313158 nspr-8   Saving settings file "/home/freebsd/Documents/vbox/bedrock linux/bedrock linux.vbox" with version "1.16-freebsd"
07:36:16.946463 nspr-6   Launched VM: 44219776 pid: 32161 (0x7da1) frontend: GUI/Qt name: bedrock linux
07:36:18.140859 nspr-8   ERROR [COM]: aRC=VBOX_E_OBJECT_NOT_FOUND (0x80bb0001) aIID={70401eef-c8e9-466b-9660-45cb3e9979e4} aComponent={ExtPackManagerWrap} aText={No extension pack by the name 'Oracle VM VirtualBox Extension Pack' was found}, preserve=false aResultDetail=0
07:36:18.232218 nspr-2   ERROR [COM]: aRC=VBOX_E_IPRT_ERROR (0x80bb0005) aIID={85632c68-b5bb-4316-a900-5eb28d3413df} aComponent={SessionMachine} aText={Saved screenshot data is not available (VERR_NOT_SUPPORTED)}, preserve=false aResultDetail=-37
07:37:50.034676 nspr-5   Saving settings file "/home/freebsd/Documents/vbox/bedrock linux/bedrock linux.vbox" with version "1.16-freebsd"
07:37:50.658270 nspr-2   Saving settings file "/home/freebsd/Documents/vbox/bedrock linux/bedrock linux.vbox" with version "1.16-freebsd"
07:38:00.077775 nspr-3   Saving settings file "/home/freebsd/Documents/vbox/bedrock linux/bedrock linux.vbox" with version "1.16-freebsd"
07:38:01.883056 nspr-7   Launched VM: 44205344 pid: 32588 (0x7f4c) frontend: GUI/Qt name: bedrock linux
07:38:03.064735 nspr-2   ERROR [COM]: aRC=VBOX_E_OBJECT_NOT_FOUND (0x80bb0001) aIID={70401eef-c8e9-466b-9660-45cb3e9979e4} aComponent={ExtPackManagerWrap} aText={No extension pack by the name 'Oracle VM VirtualBox Extension Pack' was found}, preserve=false aResultDetail=0
07:38:03.150937 nspr-7   ERROR [COM]: aRC=VBOX_E_IPRT_ERROR (0x80bb0005) aIID={85632c68-b5bb-4316-a900-5eb28d3413df} aComponent={SessionMachine} aText={Saved screenshot data is not available (VERR_NOT_SUPPORTED)}, preserve=false aResultDetail=-37
08:42:41.572845 nspr-8   Saving settings file "/home/freebsd/Documents/vbox/bedrock linux/bedrock linux.vbox" with version "1.16-freebsd"
08:42:55.330572 nspr-4   Launched VM: 44161072 pid: 92613 (0x169c5) frontend: GUI/Qt name: NetBSD
08:42:57.725406 nspr-7   ERROR [COM]: aRC=VBOX_E_OBJECT_NOT_FOUND (0x80bb0001) aIID={70401eef-c8e9-466b-9660-45cb3e9979e4} aComponent={ExtPackManagerWrap} aText={No extension pack by the name 'Oracle VM VirtualBox Extension Pack' was found}, preserve=false aResultDetail=0
08:42:58.043262 nspr-7   ERROR [COM]: aRC=VBOX_E_IPRT_ERROR (0x80bb0005) aIID={85632c68-b5bb-4316-a900-5eb28d3413df} aComponent={SessionMachine} aText={Saved screenshot data is not available (VERR_NOT_SUPPORTED)}, preserve=false aResultDetail=-37
08:44:50.260943 nspr-8   Saving settings file "/home/freebsd/Documents/vbox/NetBSD/NetBSD.vbox" with version "1.15-freebsd"
08:44:50.975816 nspr-9   Saving settings file "/home/freebsd/Documents/vbox/NetBSD/NetBSD.vbox" with version "1.15-freebsd"
08:44:58.247682 nspr-9   Saving settings file "/home/freebsd/.config/VirtualBox/VirtualBox.xml" with version "1.12-freebsd"
08:44:58.264777 nspr-9   Saving settings file "/home/freebsd/.config/VirtualBox/VirtualBox.xml" with version "1.12-freebsd"
08:45:07.003279 main     VirtualBox: object deletion starts
08:45:07.004370 main     ERROR [COM]: aRC=VBOX_E_OBJECT_IN_USE (0x80bb000c) aIID={ad47ad09-787b-44ab-b343-a082a3f2dfb1} aComponent={MediumWrap} aText={Medium '/home/freebsd/Documents/vbox/NetBSD/NetBSD.vdi' cannot be closed because it is still attached to 1 virtual machines}, preserve=false aResultDetail=0
08:45:07.058185 main     ERROR [COM]: aRC=VBOX_E_OBJECT_IN_USE (0x80bb000c) aIID={ad47ad09-787b-44ab-b343-a082a3f2dfb1} aComponent={MediumWrap} aText={Medium '/home/freebsd/Documents/vbox/bedrock linux/bedrock linux.vdi' cannot be closed because it is still attached to 1 virtual machines}, preserve=false aResultDetail=0
08:45:07.125609 main     HostDnsMonitor: shutting down ...
08:45:07.125640 main     HostDnsMonitor: shut down
08:45:07.136479 main     {0000000802e70640} HostPowerServiceLinux::~HostPowerServiceLinux: RTThreadWait() for 5000 ms failed with VERR_INVALID_HANDLE
08:45:07.159538 Watcher  ERROR [COM]: aRC=E_ACCESSDENIED (0x80070005) aIID={d0a0163f-e254-4e5b-a1f2-011cf991c38d} aComponent={VirtualBoxWrap} aText={The object is not ready}, preserve=false aResultDetail=0
08:45:07.281930 main     VirtualBox: object deleted
