[info   ] [FileManager]: Data files will be fetched from: '/usr/local/share/supertuxkart/data/'
[info   ] [FileManager]: User directory is '/home/freebsd/.config/supertuxkart/config-0.10/'.
[info   ] [FileManager]: Addons files will be stored in '/home/freebsd/.local/share/supertuxkart/addons/'.
[info   ] [FileManager]: Screenshots will be stored in '/home/freebsd/.local/share/supertuxkart/screenshots/'.
[info   ] [FileManager]: User-defined grand prix will be stored in '/home/freebsd/.local/share/supertuxkart/grandprix/'.
[info   ] [FileManager]: Asset 0 will be loaded from '/usr/local/share/supertuxkart/data/challenges/'.
[info   ] [FileManager]: Asset 1 will be loaded from '/usr/local/share/supertuxkart/data/gfx/'.
[info   ] [FileManager]: Asset 2 will be loaded from '/usr/local/share/supertuxkart/data/grandprix/'.
[info   ] [FileManager]: Asset 3 will be loaded from '/usr/local/share/supertuxkart/data/gui/icons/'.
[info   ] [FileManager]: Asset 4 will be loaded from '/usr/local/share/supertuxkart/data/gui/screens/'.
[info   ] [FileManager]: Asset 5 will be loaded from '/usr/local/share/supertuxkart/data/gui/dialogs/'.
[info   ] [FileManager]: Asset 6 will be loaded from '/usr/local/share/supertuxkart/data/replay/'.
[info   ] [FileManager]: Asset 7 will be loaded from '/usr/local/share/supertuxkart/data/shaders/'.
[info   ] [FileManager]: Asset 8 will be loaded from '/usr/local/share/supertuxkart/data/skins/'.
[info   ] [FileManager]: Asset 9 will be loaded from '/usr/local/share/supertuxkart/data/ttf/'.
[info   ] [FileManager]: Asset 10 will be loaded from '/usr/local/share/supertuxkart/data/po/'.
[info   ] [FileManager]: Asset 11 will be loaded from '/usr/local/share/supertuxkart/data/library/'.
[info   ] [FileManager]: Asset 12 will be loaded from '/usr/local/share/supertuxkart/data/models/'.
[info   ] [FileManager]: Asset 13 will be loaded from '/usr/local/share/supertuxkart/data/music/'.
[info   ] [FileManager]: Asset 14 will be loaded from '/usr/local/share/supertuxkart/data/sfx/'.
[info   ] [FileManager]: Asset 15 will be loaded from '/usr/local/share/supertuxkart/data/textures/'.
[info   ] [FileManager]: Asset 16 will be loaded from '/usr/local/share/supertuxkart/data/tracks/'.
[info   ] IrrDriver: OpenGL version: 2.1
[info   ] IrrDriver: OpenGL vendor: Intel Open Source Technology Center
[info   ] IrrDriver: OpenGL renderer: Mesa DRI Intel(R) HD Graphics (ILK)
[info   ] IrrDriver: OpenGL version string: 2.1 Mesa 20.2.3
[warn   ] irr_driver: Using the fixed pipeline (old GPU, or shaders disabled in options)
[info   ] HTTPRequest: Downloading https://online.supertuxkart.net/dl/xml/online_news.xml
[info   ] addons: Downloading updated addons.xml.
[info   ] HTTPRequest: Downloading https://online.supertuxkart.net/dl/xml/online_assets.xml
[info   ] GrandPrixManager: Loading Grand Prix files from /usr/local/share/supertuxkart/data/grandprix/
[info   ] GrandPrixManager: Loading Grand Prix files from /home/freebsd/.local/share/supertuxkart/grandprix/
[warn   ] OpenGL: OpenGL version is too old!
[warn   ] LayoutManager: Statically sized widgets took all the place!!
[warn   ] LayoutManager: Statically sized widgets took all the place!!
[warn   ] LayoutManager: Statically sized widgets took all the place!!
[warn   ] LayoutManager: Statically sized widgets took all the place!!
[warn   ] LayoutManager: Statically sized widgets took all the place!!
[warn   ] LayoutManager: Statically sized widgets took all the place!!
[warn   ] LayoutManager: Statically sized widgets took all the place!!
[warn   ] LayoutManager: Statically sized widgets took all the place!!
[warn   ] LayoutManager: Statically sized widgets took all the place!!
[warn   ] LayoutManager: Statically sized widgets took all the place!!
[warn   ] AbstractTopLevelContainer::addWidgetsRecursively: Widget target-type-spinner of type 1 has no dimensions
[warn   ] AbstractTopLevelContainer::addWidgetsRecursively: Widget target-type-text of type 5 has no dimensions
[warn   ] AbstractTopLevelContainer::addWidgetsRecursively: Widget ai-blue-spinner of type 1 has no dimensions
[warn   ] AbstractTopLevelContainer::addWidgetsRecursively: Widget ai-blue-text of type 5 has no dimensions
[verbose  ] RaceManager: Nb of karts=4, ghost karts:0 ai:3 players:1

[info   ] Track: Overall scene complexity estimated at 757
[warn   ] SFXManager: Throttling sfx - queue size 101
[warn   ] SFXManager: Throttling sfx - queue size 101
[warn   ] SFXManager: Throttling sfx - queue size 103
[warn   ] SFXManager: Throttling sfx - queue size 103
[warn   ] SFXManager: Throttling sfx - queue size 103
[info   ] Singleton: Destroyed singleton.
[info   ] Singleton: Destroyed singleton.
[info   ] Singleton: Destroyed singleton.
